[0.037s] Invoking command in '/home/xinchen/Dev/Meta-ROS/build/can_interfaces': /usr/bin/cmake --build /home/xinchen/Dev/Meta-ROS/build/can_interfaces -- -j6 -l6
[0.128s] -- Found ament_cmake: 0.9.12 (/opt/ros/foxy/share/ament_cmake/cmake)
[0.177s] -- Found PythonInterp: /usr/bin/python3 (found suitable version "3.8.10", minimum required is "3") 
[0.177s] -- Using PYTHON_EXECUTABLE: /usr/bin/python3
[0.546s] Traceback (most recent call last):
[0.547s]   File "/opt/ros/foxy/share/ament_cmake_core/cmake/package_templates/templates_2_cmake.py", line 21, in <module>
[0.547s]     from ament_package.templates import get_environment_hook_template_path
[0.547s] ModuleNotFoundError: No module named 'ament_package'
[0.604s] CMake Error at /opt/ros/foxy/share/ament_cmake_core/cmake/ament_cmake_package_templates-extras.cmake:41 (message):
[0.604s]   execute_process(/usr/bin/python3
[0.604s]   /opt/ros/foxy/share/ament_cmake_core/cmake/package_templates/templates_2_cmake.py
[0.605s]   /home/xinchen/Dev/Meta-ROS/build/can_interfaces/ament_cmake_package_templates/templates.cmake)
[0.605s]   returned error code 1
[0.605s] Call Stack (most recent call first):
[0.606s]   /opt/ros/foxy/share/ament_cmake_core/cmake/ament_cmake_coreConfig.cmake:41 (include)
[0.606s]   /opt/ros/foxy/share/ament_cmake/cmake/ament_cmake_export_dependencies-extras.cmake:15 (find_package)
[0.606s]   /opt/ros/foxy/share/ament_cmake/cmake/ament_cmakeConfig.cmake:41 (include)
[0.606s]   CMakeLists.txt:19 (find_package)
[0.607s] 
[0.607s] 
[0.607s] -- Configuring incomplete, errors occurred!
[0.607s] See also "/home/xinchen/Dev/Meta-ROS/build/can_interfaces/CMakeFiles/CMakeOutput.log".
[0.612s] make: *** [Makefile:1228: cmake_check_build_system] Error 1
[0.617s] Invoked command in '/home/xinchen/Dev/Meta-ROS/build/can_interfaces' returned '2': /usr/bin/cmake --build /home/xinchen/Dev/Meta-ROS/build/can_interfaces -- -j6 -l6
